TN:
SF:src\index.js
FNF:0
FNH:0
DA:7,0
LF:1
LH:0
BRF:0
BRH:0
end_of_record
TN:
SF:src\components\app\App.js
FN:19,(anonymous_0)
FN:25,(anonymous_1)
FN:26,(anonymous_2)
FN:27,(anonymous_3)
FN:28,(anonymous_4)
FN:29,(anonymous_5)
FN:30,(anonymous_6)
FN:31,(anonymous_7)
FNF:8
FNH:0
FNDA:0,(anonymous_0)
FNDA:0,(anonymous_1)
FNDA:0,(anonymous_2)
FNDA:0,(anonymous_3)
FNDA:0,(anonymous_4)
FNDA:0,(anonymous_5)
FNDA:0,(anonymous_6)
FNDA:0,(anonymous_7)
DA:19,0
DA:20,0
DA:25,0
DA:26,0
DA:27,0
DA:28,0
DA:29,0
DA:30,0
DA:31,0
LF:9
LH:0
BRF:0
BRH:0
end_of_record
TN:
SF:src\components\checkout-page\CartContext.js
FN:5,cartReducer
FN:10,(anonymous_1)
FN:32,CartProvider
FN:35,(anonymous_3)
FN:48,useCart
FNF:5
FNH:1
FNDA:0,cartReducer
FNDA:0,(anonymous_1)
FNDA:3,CartProvider
FNDA:0,(anonymous_3)
FNDA:0,useCart
DA:3,1
DA:6,0
DA:8,0
DA:10,0
DA:14,0
DA:15,0
DA:21,0
DA:27,0
DA:33,3
DA:37,3
DA:39,3
DA:41,3
DA:49,0
DA:50,0
DA:51,0
DA:53,0
LF:16
LH:5
BRDA:6,0,0,0
BRDA:6,0,1,0
BRDA:6,0,2,0
BRDA:6,0,3,0
BRDA:50,1,0,0
BRDA:50,1,1,0
BRF:6
BRH:0
end_of_record
TN:
SF:src\components\checkout-page\CheckoutPage.Tests.js
FN:12,(anonymous_0)
FN:14,(anonymous_1)
FNF:2
FNH:0
FNDA:0,(anonymous_0)
FNDA:0,(anonymous_1)
DA:9,0
DA:10,0
DA:12,0
DA:14,0
DA:16,0
DA:17,0
LF:6
LH:0
BRF:0
BRH:0
end_of_record
TN:
SF:src\components\checkout-page\CheckoutPage.js
FN:17,(anonymous_0)
FN:54,(anonymous_1)
FN:63,(anonymous_2)
FN:72,(anonymous_3)
FN:84,(anonymous_4)
FN:90,(anonymous_5)
FNF:6
FNH:0
FNDA:0,(anonymous_0)
FNDA:0,(anonymous_1)
FNDA:0,(anonymous_2)
FNDA:0,(anonymous_3)
FNDA:0,(anonymous_4)
FNDA:0,(anonymous_5)
DA:17,0
DA:18,0
DA:19,0
DA:20,0
DA:34,0
DA:44,0
DA:47,0
DA:54,0
DA:55,0
DA:63,0
DA:64,0
DA:72,0
DA:73,0
DA:84,0
DA:85,0
DA:87,0
DA:89,0
DA:90,0
DA:91,0
DA:100,0
DA:101,0
DA:102,0
DA:103,0
DA:104,0
DA:105,0
DA:106,0
DA:108,0
DA:109,0
DA:110,0
DA:111,0
DA:112,0
DA:114,0
DA:115,0
DA:117,0
DA:124,0
DA:130,0
DA:132,0
DA:134,0
DA:141,0
LF:39
LH:0
BRDA:89,0,0,0
BRDA:89,0,1,0
BRDA:92,1,0,0
BRDA:92,1,1,0
BRDA:98,2,0,0
BRDA:98,2,1,0
BRDA:101,3,0,0
BRDA:101,3,1,0
BRDA:112,4,0,0
BRDA:112,4,1,0
BRF:10
BRH:0
end_of_record
TN:
SF:src\components\checkout-page\CheckoutService.js
FN:14,(anonymous_0)
FN:16,(anonymous_1)
FNF:2
FNH:1
FNDA:2,(anonymous_0)
FNDA:0,(anonymous_1)
DA:14,1
DA:15,2
DA:17,0
DA:18,0
DA:19,0
DA:20,0
DA:22,0
DA:26,0
LF:8
LH:2
BRDA:17,0,0,0
BRDA:17,0,1,0
BRF:2
BRH:0
end_of_record
TN:
SF:src\components\checkout-page\OrderItem.js
FN:11,(anonymous_0)
FNF:1
FNH:0
FNDA:0,(anonymous_0)
DA:11,0
DA:14,0
LF:2
LH:0
BRF:0
BRH:0
end_of_record
TN:
SF:src\components\checkout-page\ReviewOrderWidget.js
FN:12,(anonymous_0)
FN:21,(anonymous_1)
FNF:2
FNH:0
FNDA:0,(anonymous_0)
FNDA:0,(anonymous_1)
DA:12,0
DA:15,0
DA:16,0
DA:17,0
DA:19,0
DA:24,0
LF:6
LH:0
BRDA:16,0,0,0
BRDA:16,0,1,0
BRF:2
BRH:0
end_of_record
TN:
SF:src\components\checkout-page\ReviewOrderWidgetService.js
FN:9,(anonymous_0)
FN:16,(anonymous_1)
FN:19,(anonymous_2)
FN:24,(anonymous_3)
FN:39,(anonymous_4)
FNF:5
FNH:3
FNDA:3,(anonymous_0)
FNDA:1,(anonymous_1)
FNDA:2,(anonymous_2)
FNDA:0,(anonymous_3)
FNDA:0,(anonymous_4)
DA:9,3
DA:16,1
DA:17,1
DA:18,1
DA:19,2
DA:22,0
DA:24,1
DA:25,0
DA:26,0
DA:38,0
DA:39,0
LF:11
LH:6
BRDA:17,0,0,1
BRDA:17,0,1,0
BRDA:25,1,0,0
BRDA:25,1,1,0
BRF:4
BRH:1
end_of_record
TN:
SF:src\components\checkout-page\ValidateCheckoutPageInputs.js
FN:12,(anonymous_0)
FNF:1
FNH:0
FNDA:0,(anonymous_0)
DA:12,0
DA:13,0
DA:16,0
DA:17,0
DA:18,0
DA:19,0
DA:20,0
DA:21,0
DA:22,0
DA:23,0
DA:24,0
DA:25,0
DA:28,0
DA:29,0
DA:30,0
DA:31,0
DA:34,0
DA:35,0
DA:36,0
DA:37,0
DA:38,0
DA:39,0
DA:40,0
DA:41,0
DA:42,0
DA:43,0
DA:47,0
DA:48,0
DA:49,0
DA:50,0
DA:51,0
DA:52,0
DA:53,0
DA:54,0
DA:58,0
DA:59,0
DA:60,0
DA:61,0
DA:62,0
DA:63,0
DA:64,0
DA:65,0
DA:68,0
DA:69,0
DA:70,0
DA:71,0
DA:72,0
DA:73,0
DA:74,0
DA:75,0
DA:76,0
DA:77,0
DA:81,0
DA:82,0
DA:86,0
DA:87,0
DA:88,0
DA:89,0
DA:93,0
DA:94,0
DA:95,0
DA:96,0
DA:98,0
DA:100,0
DA:101,0
DA:104,0
DA:105,0
DA:106,0
DA:107,0
DA:108,0
DA:109,0
DA:110,0
DA:111,0
DA:114,0
DA:115,0
DA:116,0
DA:117,0
DA:118,0
DA:119,0
DA:120,0
DA:121,0
DA:125,0
DA:126,0
DA:127,0
DA:128,0
DA:129,0
DA:130,0
DA:131,0
DA:132,0
DA:133,0
DA:134,0
DA:138,0
DA:139,0
DA:140,0
DA:141,0
DA:145,0
DA:146,0
DA:147,0
DA:148,0
DA:152,0
DA:153,0
DA:154,0
DA:155,0
DA:159,0
DA:160,0
DA:161,0
DA:162,0
DA:166,0
DA:167,0
DA:168,0
DA:169,0
DA:173,0
DA:174,0
DA:175,0
DA:176,0
DA:180,0
DA:181,0
DA:185,0
DA:186,0
DA:187,0
DA:188,0
DA:192,0
DA:193,0
DA:194,0
DA:195,0
DA:196,0
DA:197,0
DA:198,0
DA:199,0
DA:201,0
DA:203,0
DA:204,0
DA:207,0
LF:133
LH:0
BRDA:16,0,0,0
BRDA:16,0,1,0
BRDA:18,1,0,0
BRDA:18,1,1,0
BRDA:20,2,0,0
BRDA:20,2,1,0
BRDA:22,3,0,0
BRDA:22,3,1,0
BRDA:22,4,0,0
BRDA:22,4,1,0
BRDA:24,5,0,0
BRDA:24,5,1,0
BRDA:28,6,0,0
BRDA:28,6,1,0
BRDA:28,7,0,0
BRDA:28,7,1,0
BRDA:30,8,0,0
BRDA:30,8,1,0
BRDA:30,9,0,0
BRDA:30,9,1,0
BRDA:30,9,2,0
BRDA:34,10,0,0
BRDA:34,10,1,0
BRDA:36,11,0,0
BRDA:36,11,1,0
BRDA:38,12,0,0
BRDA:38,12,1,0
BRDA:40,13,0,0
BRDA:40,13,1,0
BRDA:40,14,0,0
BRDA:40,14,1,0
BRDA:42,15,0,0
BRDA:42,15,1,0
BRDA:47,16,0,0
BRDA:47,16,1,0
BRDA:49,17,0,0
BRDA:49,17,1,0
BRDA:49,18,0,0
BRDA:49,18,1,0
BRDA:51,19,0,0
BRDA:51,19,1,0
BRDA:53,20,0,0
BRDA:53,20,1,0
BRDA:58,21,0,0
BRDA:58,21,1,0
BRDA:60,22,0,0
BRDA:60,22,1,0
BRDA:60,23,0,0
BRDA:60,23,1,0
BRDA:60,23,2,0
BRDA:62,24,0,0
BRDA:62,24,1,0
BRDA:64,25,0,0
BRDA:64,25,1,0
BRDA:68,26,0,0
BRDA:68,26,1,0
BRDA:70,27,0,0
BRDA:70,27,1,0
BRDA:72,28,0,0
BRDA:72,28,1,0
BRDA:74,29,0,0
BRDA:74,29,1,0
BRDA:74,30,0,0
BRDA:74,30,1,0
BRDA:76,31,0,0
BRDA:76,31,1,0
BRDA:81,32,0,0
BRDA:81,32,1,0
BRDA:81,33,0,0
BRDA:81,33,1,0
BRDA:86,34,0,0
BRDA:86,34,1,0
BRDA:88,35,0,0
BRDA:88,35,1,0
BRDA:93,36,0,0
BRDA:93,36,1,0
BRDA:95,37,0,0
BRDA:95,37,1,0
BRDA:95,38,0,0
BRDA:95,38,1,0
BRDA:98,39,0,0
BRDA:98,39,1,0
BRDA:100,40,0,0
BRDA:100,40,1,0
BRDA:100,41,0,0
BRDA:100,41,1,0
BRDA:104,42,0,0
BRDA:104,42,1,0
BRDA:106,43,0,0
BRDA:106,43,1,0
BRDA:106,44,0,0
BRDA:106,44,1,0
BRDA:108,45,0,0
BRDA:108,45,1,0
BRDA:110,46,0,0
BRDA:110,46,1,0
BRDA:114,47,0,0
BRDA:114,47,1,0
BRDA:116,48,0,0
BRDA:116,48,1,0
BRDA:116,49,0,0
BRDA:116,49,1,0
BRDA:116,49,2,0
BRDA:118,50,0,0
BRDA:118,50,1,0
BRDA:120,51,0,0
BRDA:120,51,1,0
BRDA:125,52,0,0
BRDA:125,52,1,0
BRDA:127,53,0,0
BRDA:127,53,1,0
BRDA:129,54,0,0
BRDA:129,54,1,0
BRDA:131,55,0,0
BRDA:131,55,1,0
BRDA:131,56,0,0
BRDA:131,56,1,0
BRDA:133,57,0,0
BRDA:133,57,1,0
BRDA:138,58,0,0
BRDA:138,58,1,0
BRDA:140,59,0,0
BRDA:140,59,1,0
BRDA:145,60,0,0
BRDA:145,60,1,0
BRDA:147,61,0,0
BRDA:147,61,1,0
BRDA:147,62,0,0
BRDA:147,62,1,0
BRDA:152,63,0,0
BRDA:152,63,1,0
BRDA:154,64,0,0
BRDA:154,64,1,0
BRDA:159,65,0,0
BRDA:159,65,1,0
BRDA:159,66,0,0
BRDA:159,66,1,0
BRDA:159,66,2,0
BRDA:161,67,0,0
BRDA:161,67,1,0
BRDA:161,68,0,0
BRDA:161,68,1,0
BRDA:161,68,2,0
BRDA:166,69,0,0
BRDA:166,69,1,0
BRDA:168,70,0,0
BRDA:168,70,1,0
BRDA:173,71,0,0
BRDA:173,71,1,0
BRDA:175,72,0,0
BRDA:175,72,1,0
BRDA:180,73,0,0
BRDA:180,73,1,0
BRDA:180,74,0,0
BRDA:180,74,1,0
BRDA:185,75,0,0
BRDA:185,75,1,0
BRDA:185,76,0,0
BRDA:185,76,1,0
BRDA:187,77,0,0
BRDA:187,77,1,0
BRDA:187,78,0,0
BRDA:187,78,1,0
BRDA:187,78,2,0
BRDA:187,78,3,0
BRDA:192,79,0,0
BRDA:192,79,1,0
BRDA:194,80,0,0
BRDA:194,80,1,0
BRDA:196,81,0,0
BRDA:196,81,1,0
BRDA:196,82,0,0
BRDA:196,82,1,0
BRDA:198,83,0,0
BRDA:198,83,1,0
BRDA:203,84,0,0
BRDA:203,84,1,0
BRDA:203,85,0,0
BRDA:203,85,1,0
BRF:179
BRH:0
end_of_record
TN:
SF:src\components\checkout-page\forms\BillingDetails.js
FN:15,(anonymous_0)
FNF:1
FNH:0
FNDA:0,(anonymous_0)
DA:15,0
DA:18,0
DA:19,0
DA:20,0
DA:21,0
DA:22,0
DA:23,0
DA:26,0
LF:8
LH:0
BRDA:29,0,0,0
BRDA:29,0,1,0
BRDA:40,1,0,0
BRDA:40,1,1,0
BRDA:52,2,0,0
BRDA:52,2,1,0
BRDA:63,3,0,0
BRDA:63,3,1,0
BRDA:74,4,0,0
BRDA:74,4,1,0
BRDA:88,5,0,0
BRDA:88,5,1,0
BRDA:101,6,0,0
BRDA:101,6,1,0
BRDA:115,7,0,0
BRDA:115,7,1,0
BRDA:124,8,0,0
BRDA:124,8,1,0
BRDA:136,9,0,0
BRDA:136,9,1,0
BRDA:146,10,0,0
BRDA:146,10,1,0
BRDA:157,11,0,0
BRDA:157,11,1,0
BRDA:170,12,0,0
BRDA:170,12,1,0
BRDA:183,13,0,0
BRDA:183,13,1,0
BRF:28
BRH:0
end_of_record
TN:
SF:src\components\checkout-page\forms\DeliveryAddress.js
FN:12,(anonymous_0)
FNF:1
FNH:0
FNDA:0,(anonymous_0)
DA:12,0
DA:13,0
DA:15,0
LF:3
LH:0
BRDA:24,0,0,0
BRDA:24,0,1,0
BRDA:34,1,0,0
BRDA:34,1,1,0
BRDA:43,2,0,0
BRDA:43,2,1,0
BRDA:53,3,0,0
BRDA:53,3,1,0
BRDA:64,4,0,0
BRDA:64,4,1,0
BRDA:74,5,0,0
BRDA:74,5,1,0
BRDA:84,6,0,0
BRDA:84,6,1,0
BRDA:96,7,0,0
BRDA:96,7,1,0
BRDA:107,8,0,0
BRDA:107,8,1,0
BRF:18
BRH:0
end_of_record
TN:
SF:src\components\create-encounter-page\CreateEncounterForm.js
FN:5,(anonymous_0)
FNF:1
FNH:1
FNDA:5,(anonymous_0)
DA:5,3
DA:8,5
LF:2
LH:2
BRDA:17,0,0,5
BRDA:17,0,1,0
BRDA:27,1,0,5
BRDA:27,1,1,0
BRDA:37,2,0,5
BRDA:37,2,1,0
BRDA:46,3,0,5
BRDA:46,3,1,0
BRDA:55,4,0,5
BRDA:55,4,1,0
BRDA:63,5,0,5
BRDA:63,5,1,0
BRDA:73,6,0,5
BRDA:73,6,1,0
BRDA:83,7,0,5
BRDA:83,7,1,0
BRDA:92,8,0,5
BRDA:92,8,1,0
BRDA:102,9,0,5
BRDA:102,9,1,0
BRDA:112,10,0,5
BRDA:112,10,1,0
BRDA:121,11,0,5
BRDA:121,11,1,0
BRF:24
BRH:12
end_of_record
TN:
SF:src\components\create-encounter-page\CreateEncounterPage.js
FN:15,(anonymous_0)
FN:35,(anonymous_1)
FN:44,(anonymous_2)
FNF:3
FNH:1
FNDA:2,(anonymous_0)
FNDA:0,(anonymous_1)
FNDA:0,(anonymous_2)
DA:15,1
DA:16,2
DA:17,2
DA:18,2
DA:33,1
DA:34,1
DA:35,1
DA:36,0
DA:44,1
DA:45,0
DA:46,0
DA:47,0
DA:48,0
DA:63,0
DA:64,0
DA:66,0
DA:70,0
DA:73,1
LF:18
LH:9
BRDA:58,0,0,0
BRDA:58,0,1,0
BRDA:59,1,0,0
BRDA:59,1,1,0
BRDA:60,2,0,0
BRDA:60,2,1,0
BRDA:63,3,0,0
BRDA:63,3,1,0
BRF:8
BRH:0
end_of_record
TN:
SF:src\components\create-encounter-page\CreateEncounterService.js
FN:12,(anonymous_0)
FN:15,(anonymous_1)
FNF:2
FNH:2
FNDA:2,(anonymous_0)
FNDA:2,(anonymous_1)
DA:12,2
DA:13,2
DA:14,2
DA:16,2
DA:17,1
DA:21,1
DA:22,1
DA:24,1
DA:28,1
LF:9
LH:9
BRDA:16,0,0,1
BRDA:16,0,1,1
BRF:2
BRH:2
end_of_record
TN:
SF:src\components\create-encounter-page\CreateEncounterValidation.js
FN:1,(anonymous_0)
FNF:1
FNH:1
FNDA:3,(anonymous_0)
DA:1,3
DA:2,3
DA:3,3
DA:4,1
DA:5,2
DA:6,1
DA:8,3
DA:9,1
DA:10,2
DA:11,1
DA:13,3
DA:14,1
DA:15,2
DA:16,1
DA:18,3
DA:19,1
DA:20,2
DA:21,1
DA:23,3
DA:24,1
DA:25,2
DA:26,1
DA:28,3
DA:29,1
DA:30,2
DA:31,1
DA:33,3
DA:34,1
DA:35,2
DA:36,1
DA:38,3
DA:39,1
DA:40,2
DA:41,1
DA:43,3
DA:44,1
DA:46,3
DA:47,1
DA:49,3
DA:50,1
DA:52,3
DA:53,1
DA:56,3
LF:43
LH:43
BRDA:3,0,0,1
BRDA:3,0,1,2
BRDA:5,1,0,1
BRDA:5,1,1,1
BRDA:8,2,0,1
BRDA:8,2,1,2
BRDA:10,3,0,1
BRDA:10,3,1,1
BRDA:13,4,0,1
BRDA:13,4,1,2
BRDA:15,5,0,1
BRDA:15,5,1,1
BRDA:18,6,0,1
BRDA:18,6,1,2
BRDA:20,7,0,1
BRDA:20,7,1,1
BRDA:23,8,0,1
BRDA:23,8,1,2
BRDA:25,9,0,1
BRDA:25,9,1,1
BRDA:28,10,0,1
BRDA:28,10,1,2
BRDA:30,11,0,1
BRDA:30,11,1,1
BRDA:33,12,0,1
BRDA:33,12,1,2
BRDA:35,13,0,1
BRDA:35,13,1,1
BRDA:38,14,0,1
BRDA:38,14,1,2
BRDA:40,15,0,1
BRDA:40,15,1,1
BRDA:43,16,0,1
BRDA:43,16,1,2
BRDA:43,17,0,3
BRDA:43,17,1,1
BRDA:46,18,0,1
BRDA:46,18,1,2
BRDA:46,19,0,3
BRDA:46,19,1,1
BRDA:49,20,0,1
BRDA:49,20,1,2
BRDA:49,21,0,3
BRDA:49,21,1,1
BRDA:52,22,0,1
BRDA:52,22,1,2
BRDA:52,23,0,3
BRDA:52,23,1,1
BRF:48
BRH:48
end_of_record
TN:
SF:src\components\create-patient-page\CreatePatientForm.js
FN:6,(anonymous_0)
FNF:1
FNH:1
FNDA:4,(anonymous_0)
DA:6,3
DA:9,4
LF:2
LH:2
BRDA:17,0,0,4
BRDA:17,0,1,0
BRDA:25,1,0,4
BRDA:25,1,1,0
BRDA:35,2,0,4
BRDA:35,2,1,0
BRDA:45,3,0,4
BRDA:45,3,1,0
BRDA:54,4,0,4
BRDA:54,4,1,0
BRDA:63,5,0,4
BRDA:63,5,1,0
BRDA:71,6,0,4
BRDA:71,6,1,0
BRDA:81,7,0,4
BRDA:81,7,1,0
BRDA:91,8,0,4
BRDA:91,8,1,0
BRDA:100,9,0,4
BRDA:100,9,1,0
BRDA:110,10,0,4
BRDA:110,10,1,0
BRDA:121,11,0,4
BRDA:121,11,1,0
BRDA:130,12,0,4
BRDA:130,12,1,0
BRF:26
BRH:13
end_of_record
TN:
SF:src\components\create-patient-page\CreatePatientPage.js
FN:16,(anonymous_0)
FN:35,(anonymous_1)
FN:45,(anonymous_2)
FNF:3
FNH:1
FNDA:2,(anonymous_0)
FNDA:0,(anonymous_1)
FNDA:0,(anonymous_2)
DA:16,1
DA:17,2
DA:18,2
DA:33,1
DA:34,1
DA:35,1
DA:36,0
DA:38,1
DA:45,1
DA:46,0
DA:47,0
DA:48,0
DA:49,0
DA:64,0
DA:65,0
DA:67,0
DA:71,0
DA:74,1
LF:18
LH:9
BRDA:64,0,0,0
BRDA:64,0,1,0
BRF:2
BRH:0
end_of_record
TN:
SF:src\components\create-patient-page\CreatePatientService.js
FN:11,(anonymous_0)
FN:13,(anonymous_1)
FNF:2
FNH:2
FNDA:2,(anonymous_0)
FNDA:2,(anonymous_1)
DA:11,2
DA:12,2
DA:14,2
DA:15,1
DA:19,1
DA:20,1
DA:22,1
DA:23,0
DA:27,0
DA:29,1
DA:33,1
LF:11
LH:9
BRDA:14,0,0,1
BRDA:14,0,1,1
BRDA:22,1,0,0
BRDA:22,1,1,1
BRF:4
BRH:3
end_of_record
TN:
SF:src\components\create-patient-page\CreatePatientValidation.js
FN:1,(anonymous_0)
FNF:1
FNH:1
FNDA:5,(anonymous_0)
DA:1,3
DA:2,5
DA:3,5
DA:4,1
DA:5,4
DA:6,1
DA:7,3
DA:8,1
DA:10,5
DA:11,1
DA:12,4
DA:13,1
DA:14,3
DA:15,1
DA:17,5
DA:18,1
DA:19,4
DA:20,1
DA:22,5
DA:23,1
DA:24,4
DA:25,1
DA:27,5
DA:28,1
DA:29,4
DA:30,1
DA:32,5
DA:33,1
DA:34,4
DA:35,1
DA:37,5
DA:38,1
DA:39,4
DA:40,1
DA:42,5
DA:43,1
DA:45,5
DA:46,1
DA:47,4
DA:48,1
DA:50,5
DA:51,1
DA:53,5
DA:54,1
DA:56,5
DA:57,1
DA:59,5
DA:60,1
DA:61,4
DA:62,1
DA:65,5
LF:51
LH:51
BRDA:3,0,0,1
BRDA:3,0,1,4
BRDA:5,1,0,1
BRDA:5,1,1,3
BRDA:7,2,0,1
BRDA:7,2,1,2
BRDA:10,3,0,1
BRDA:10,3,1,4
BRDA:12,4,0,1
BRDA:12,4,1,3
BRDA:14,5,0,1
BRDA:14,5,1,2
BRDA:17,6,0,1
BRDA:17,6,1,4
BRDA:19,7,0,1
BRDA:19,7,1,3
BRDA:22,8,0,1
BRDA:22,8,1,4
BRDA:24,9,0,1
BRDA:24,9,1,3
BRDA:27,10,0,1
BRDA:27,10,1,4
BRDA:29,11,0,1
BRDA:29,11,1,3
BRDA:32,12,0,1
BRDA:32,12,1,4
BRDA:34,13,0,1
BRDA:34,13,1,3
BRDA:37,14,0,1
BRDA:37,14,1,4
BRDA:39,15,0,1
BRDA:39,15,1,3
BRDA:42,16,0,1
BRDA:42,16,1,4
BRDA:45,17,0,1
BRDA:45,17,1,4
BRDA:47,18,0,1
BRDA:47,18,1,3
BRDA:47,19,0,4
BRDA:47,19,1,1
BRDA:47,19,2,1
BRDA:50,20,0,1
BRDA:50,20,1,4
BRDA:53,21,0,1
BRDA:53,21,1,4
BRDA:56,22,0,1
BRDA:56,22,1,4
BRDA:59,23,0,1
BRDA:59,23,1,4
BRDA:61,24,0,1
BRDA:61,24,1,3
BRF:51
BRH:51
end_of_record
TN:
SF:src\components\edit-encounter-page\EditEncounterPage.js
FN:16,(anonymous_0)
FN:23,(anonymous_1)
FN:32,(anonymous_2)
FN:76,(anonymous_3)
FNF:4
FNH:2
FNDA:5,(anonymous_0)
FNDA:0,(anonymous_1)
FNDA:0,(anonymous_2)
FNDA:2,(anonymous_3)
DA:16,1
DA:17,5
DA:18,5
DA:19,5
DA:20,4
DA:21,4
DA:22,4
DA:23,4
DA:24,0
DA:32,4
DA:33,0
DA:34,0
DA:35,0
DA:36,0
DA:51,0
DA:52,0
DA:67,0
DA:69,0
DA:73,0
DA:76,4
DA:77,2
DA:80,4
LF:22
LH:12
BRDA:46,0,0,0
BRDA:46,0,1,0
BRDA:47,1,0,0
BRDA:47,1,1,0
BRDA:48,2,0,0
BRDA:48,2,1,0
BRDA:51,3,0,0
BRDA:51,3,1,0
BRDA:62,4,0,0
BRDA:62,4,1,0
BRDA:63,5,0,0
BRDA:63,5,1,0
BRDA:64,6,0,0
BRDA:64,6,1,0
BRDA:82,7,0,3
BRDA:82,7,1,1
BRF:16
BRH:2
end_of_record
TN:
SF:src\components\edit-encounter-page\EditEncounterService.js
FN:14,(anonymous_0)
FN:17,(anonymous_1)
FN:24,(anonymous_2)
FN:36,(anonymous_3)
FN:39,(anonymous_4)
FNF:5
FNH:5
FNDA:2,(anonymous_0)
FNDA:2,(anonymous_1)
FNDA:1,(anonymous_2)
FNDA:2,(anonymous_3)
FNDA:2,(anonymous_4)
DA:14,2
DA:15,2
DA:16,2
DA:18,2
DA:19,1
DA:21,1
DA:25,1
DA:36,2
DA:37,2
DA:38,2
DA:40,2
DA:41,1
DA:45,1
DA:46,1
DA:48,1
DA:52,1
LF:16
LH:16
BRDA:18,0,0,1
BRDA:18,0,1,1
BRDA:40,1,0,1
BRDA:40,1,1,1
BRF:4
BRH:4
end_of_record
TN:
SF:src\components\edit-patient-page\EditPatientPage.js
FN:17,(anonymous_0)
FN:24,(anonymous_1)
FN:34,(anonymous_2)
FN:80,(anonymous_3)
FNF:4
FNH:2
FNDA:3,(anonymous_0)
FNDA:0,(anonymous_1)
FNDA:0,(anonymous_2)
FNDA:1,(anonymous_3)
DA:17,1
DA:18,3
DA:19,3
DA:20,3
DA:21,2
DA:22,2
DA:23,2
DA:24,2
DA:25,0
DA:27,2
DA:34,2
DA:35,0
DA:36,0
DA:37,0
DA:38,0
DA:54,0
DA:55,0
DA:71,0
DA:73,0
DA:77,0
DA:80,2
DA:81,1
DA:84,2
LF:23
LH:13
BRDA:54,0,0,0
BRDA:54,0,1,0
BRDA:86,1,0,2
BRDA:86,1,1,0
BRF:4
BRH:1
end_of_record
TN:
SF:src\components\edit-patient-page\EditPatientService.js
FN:12,(anonymous_0)
FN:15,(anonymous_1)
FNF:2
FNH:2
FNDA:2,(anonymous_0)
FNDA:2,(anonymous_1)
DA:12,2
DA:13,2
DA:14,2
DA:16,2
DA:17,1
DA:21,1
DA:22,1
DA:24,1
DA:25,0
DA:29,0
DA:31,1
DA:35,1
LF:12
LH:10
BRDA:16,0,0,1
BRDA:16,0,1,1
BRDA:24,1,0,0
BRDA:24,1,1,1
BRF:4
BRH:3
end_of_record
TN:
SF:src\components\footer\Footer.js
FN:4,(anonymous_0)
FNF:1
FNH:1
FNDA:1,(anonymous_0)
DA:4,1
DA:5,1
LF:2
LH:2
BRF:0
BRH:0
end_of_record
TN:
SF:src\components\form\FormItem.js
FN:9,(anonymous_0)
FNF:1
FNH:1
FNDA:108,(anonymous_0)
DA:9,6
DA:12,108
LF:2
LH:2
BRDA:17,0,0,0
BRDA:17,0,1,108
BRF:2
BRH:1
end_of_record
TN:
SF:src\components\form\FormItemDropdown.js
FN:9,(anonymous_0)
FN:25,(anonymous_1)
FNF:2
FNH:0
FNDA:0,(anonymous_0)
FNDA:0,(anonymous_1)
DA:9,0
DA:13,0
DA:26,0
LF:3
LH:0
BRDA:18,0,0,0
BRDA:18,0,1,0
BRF:2
BRH:0
end_of_record
TN:
SF:src\components\form\FormItemRadio.js
FN:9,(anonymous_0)
FNF:1
FNH:0
FNDA:0,(anonymous_0)
DA:9,0
DA:13,0
LF:2
LH:0
BRF:0
BRH:0
end_of_record
TN:
SF:src\components\form\FormItemTextArea.js
FN:9,(anonymous_0)
FNF:1
FNH:0
FNDA:0,(anonymous_0)
DA:9,0
DA:13,0
LF:2
LH:0
BRF:0
BRH:0
end_of_record
TN:
SF:src\components\form\PhoneFormItem.js
FN:9,(anonymous_0)
FNF:1
FNH:0
FNDA:0,(anonymous_0)
DA:9,0
DA:13,0
LF:2
LH:0
BRDA:20,0,0,0
BRDA:20,0,1,0
BRDA:33,1,0,0
BRDA:33,1,1,0
BRDA:44,2,0,0
BRDA:44,2,1,0
BRF:6
BRH:0
end_of_record
TN:
SF:src\components\form\RadioButtonPicker.js
FN:10,(anonymous_0)
FN:14,(anonymous_1)
FNF:2
FNH:0
FNDA:0,(anonymous_0)
FNDA:0,(anonymous_1)
DA:10,0
DA:13,0
DA:16,0
LF:3
LH:0
BRDA:14,0,0,0
BRDA:14,0,1,0
BRF:2
BRH:0
end_of_record
TN:
SF:src\components\form\RatingWidget.js
FN:6,(anonymous_0)
FNF:1
FNH:0
FNDA:0,(anonymous_0)
DA:6,0
DA:9,0
LF:2
LH:0
BRF:0
BRH:0
end_of_record
TN:
SF:src\components\form\StateDropdown.js
FN:9,(anonymous_0)
FN:24,(anonymous_1)
FNF:2
FNH:2
FNDA:4,(anonymous_0)
FNDA:240,(anonymous_1)
DA:9,3
DA:13,4
DA:25,240
LF:3
LH:3
BRDA:18,0,0,0
BRDA:18,0,1,4
BRF:2
BRH:1
end_of_record
TN:
SF:src\components\header\Header.js
FN:12,(anonymous_0)
FNF:1
FNH:1
FNDA:3,(anonymous_0)
DA:12,1
DA:13,3
LF:2
LH:2
BRF:0
BRH:0
end_of_record
TN:
SF:src\components\home-page\Home.js
FN:3,(anonymous_0)
FNF:1
FNH:1
FNDA:1,(anonymous_0)
DA:3,2
DA:4,1
LF:2
LH:2
BRF:0
BRH:0
end_of_record
TN:
SF:src\components\patient-details-page\PatientDetails.js
FN:13,(anonymous_0)
FN:19,(anonymous_1)
FN:23,(anonymous_2)
FN:33,(anonymous_3)
FN:49,(anonymous_4)
FN:65,(anonymous_5)
FNF:6
FNH:2
FNDA:4,(anonymous_0)
FNDA:0,(anonymous_1)
FNDA:2,(anonymous_2)
FNDA:0,(anonymous_3)
FNDA:0,(anonymous_4)
FNDA:0,(anonymous_5)
DA:13,1
DA:14,4
DA:15,4
DA:16,4
DA:17,4
DA:19,4
DA:20,0
DA:23,4
DA:24,2
DA:27,4
DA:34,0
DA:50,0
DA:66,0
LF:13
LH:9
BRDA:41,0,0,3
BRDA:41,0,1,1
BRF:2
BRH:2
end_of_record
TN:
SF:src\components\patient-details-page\PatientDetailsService.js
FN:13,(anonymous_0)
FN:16,(anonymous_1)
FN:23,(anonymous_2)
FN:33,(anonymous_3)
FN:36,(anonymous_4)
FN:67,(anonymous_5)
FN:70,(anonymous_6)
FN:77,(anonymous_7)
FNF:8
FNH:5
FNDA:4,(anonymous_0)
FNDA:4,(anonymous_1)
FNDA:2,(anonymous_2)
FNDA:2,(anonymous_3)
FNDA:2,(anonymous_4)
FNDA:0,(anonymous_5)
FNDA:0,(anonymous_6)
FNDA:0,(anonymous_7)
DA:13,4
DA:14,4
DA:15,4
DA:17,4
DA:18,2
DA:20,2
DA:24,2
DA:33,4
DA:34,2
DA:35,2
DA:37,2
DA:38,1
DA:39,1
DA:42,1
DA:44,1
DA:45,0
DA:49,0
DA:51,1
DA:55,1
DA:67,4
DA:68,0
DA:69,0
DA:71,0
DA:72,0
DA:74,0
DA:78,0
LF:26
LH:18
BRDA:17,0,0,2
BRDA:17,0,1,2
BRDA:37,1,0,1
BRDA:37,1,1,1
BRDA:44,2,0,0
BRDA:44,2,1,1
BRDA:71,3,0,0
BRDA:71,3,1,0
BRF:8
BRH:5
end_of_record
TN:
SF:src\components\patient-details-page\PatientEncounters.js
FN:12,(anonymous_0)
FN:20,(anonymous_1)
FN:30,(anonymous_2)
FN:43,(anonymous_3)
FN:43,(anonymous_4)
FN:117,(anonymous_5)
FNF:6
FNH:4
FNDA:7,(anonymous_0)
FNDA:4,(anonymous_1)
FNDA:0,(anonymous_2)
FNDA:2,(anonymous_3)
FNDA:4,(anonymous_4)
FNDA:0,(anonymous_5)
DA:12,2
DA:13,7
DA:14,7
DA:15,7
DA:16,7
DA:20,7
DA:21,4
DA:24,7
DA:31,0
DA:43,2
DA:44,4
DA:118,0
LF:12
LH:10
BRDA:41,0,0,6
BRDA:41,0,1,1
BRDA:43,1,0,6
BRDA:43,1,1,2
BRDA:43,2,0,2
BRDA:43,2,1,0
BRDA:77,3,0,0
BRDA:77,3,1,4
BRDA:93,4,0,0
BRDA:93,4,1,4
BRDA:97,5,0,0
BRDA:97,5,1,4
BRDA:101,6,0,0
BRDA:101,6,1,4
BRF:14
BRH:9
end_of_record
TN:
SF:src\components\patients-page\PatientsPage.js
FN:14,(anonymous_0)
FN:19,(anonymous_1)
FN:37,(anonymous_2)
FNF:3
FNH:2
FNDA:5,(anonymous_0)
FNDA:2,(anonymous_1)
FNDA:0,(anonymous_2)
DA:14,1
DA:15,5
DA:16,4
DA:17,4
DA:19,4
DA:20,2
DA:21,2
DA:22,0
DA:26,0
DA:30,4
DA:38,0
LF:11
LH:8
BRDA:21,0,0,0
BRDA:21,0,1,2
BRDA:46,1,0,3
BRDA:46,1,1,1
BRF:4
BRH:3
end_of_record
TN:
SF:src\components\patients-page\PatientsPageService.js
FN:11,(anonymous_0)
FN:13,(anonymous_1)
FN:20,(anonymous_2)
FNF:3
FNH:2
FNDA:1,(anonymous_0)
FNDA:1,(anonymous_1)
FNDA:0,(anonymous_2)
DA:11,2
DA:12,1
DA:14,1
DA:15,1
DA:17,0
DA:21,0
LF:6
LH:4
BRDA:14,0,0,1
BRDA:14,0,1,0
BRF:2
BRH:1
end_of_record
TN:
SF:src\components\patients-page\PatientsTable.js
FN:12,(anonymous_0)
FN:27,(anonymous_1)
FN:39,(anonymous_2)
FNF:3
FNH:2
FNDA:4,(anonymous_0)
FNDA:4,(anonymous_1)
FNDA:0,(anonymous_2)
DA:12,2
DA:13,4
DA:15,4
DA:28,4
DA:40,0
LF:5
LH:4
BRF:0
BRH:0
end_of_record
TN:
SF:src\utils\HttpHelper.js
FN:11,(anonymous_0)
FNF:1
FNH:1
FNDA:2,(anonymous_0)
DA:11,2
LF:1
LH:1
BRF:0
BRH:0
end_of_record
TN:
SF:src\utils\constants.js
FNF:0
FNH:0
DA:1,27
LF:1
LH:1
BRF:0
BRH:0
end_of_record
